<?xml version="1.0" encoding="UTF-8"?>
<!-- Generated by org.testng.reporters.JUnitReportReporter -->
<testsuite hostname="DESKTOP-726FUS1" failures="0" tests="1" name="test.com.StudentTest" time="0.010" errors="0" timestamp="19 Jan 2024 16:25:22 GMT">
  <testcase classname="test.com.StudentTest" name="testName" time="0.010"/>
</testsuite> <!-- test.com.StudentTest -->
